
module.js:340
    throw err;
          ^
Error: Cannot find module './utils.js'
    at Function.Module._resolveFilename (module.js:338:15)
    at Function.Module._load (module.js:280:25)
    at Module.require (module.js:364:17)
    at require (module.js:380:17)
    at Object.<anonymous> (/home/stephane/dev/php/learnintouch/engine/js/socket/elearning-server.js:1:75)
    at Module._compile (module.js:456:26)
    at Object.Module._extensions..js (module.js:474:10)
    at Module.load (module.js:356:32)
    at Function.Module._load (module.js:312:12)
    at Function.Module.runMain (module.js:497:10)
info: socket.io started
The NodeJS http server is listening...
Authorization with sessionID: l0r23l2j35rplkurifjfubgd94
Authorization with socketSessionId: undefined
warn: handshake error The connection was refused because the redis client did not find the session id.
Authorization with sessionID: nonjm0l85imdal4ocu637a5c42
Authorization with socketSessionId: 62e9a0b8b84b03a8ad0dbb1bd0fd76c6
Set the sessionID:  nonjm0l85imdal4ocu637a5c42
Disconnecting sessionID: nonjm0l85imdal4ocu637a5c42
Leaving the live watch for the elearning subscription: 63
Firing interval
Firing interval
Firing interval
Firing interval
Firing interval
Authorization with sessionID: nonjm0l85imdal4ocu637a5c42
Authorization with socketSessionId: 62e9a0b8b84b03a8ad0dbb1bd0fd76c6
Set the sessionID:  nonjm0l85imdal4ocu637a5c42
Firing interval
Firing interval
Firing interval
Firing interval
Firing interval
Firing interval
Firing interval
Firing interval
Firing interval
Firing interval
Firing interval
Firing interval
Firing interval
Firing interval
Firing interval
Firing interval
Firing interval
Firing interval
Firing interval
Firing interval
Firing interval
Firing interval
Firing interval
Firing interval
Firing interval
Firing interval
Firing interval
Firing interval
Firing interval
Firing interval
Firing interval
Firing interval
Firing interval
Firing interval
Firing interval
Firing interval
Firing interval
Firing interval
Firing interval
Firing interval
Firing interval
Firing interval
Firing interval
Firing interval
Firing interval
Firing interval
Firing interval
Firing interval
Firing interval
Firing interval
Firing interval
Firing interval
Firing interval
Firing interval
Firing interval
Firing interval
Firing interval

events.js:72
        throw er; // Unhandled 'error' event
              ^
Error: Redis connection to 127.0.0.1:6379 failed - connect ECONNREFUSED
    at RedisClient.on_error (/home/stephane/.node_modules/redis/index.js:148:24)
    at Socket.<anonymous> (/home/stephane/.node_modules/redis/index.js:83:14)
    at Socket.EventEmitter.emit (events.js:95:17)
    at net.js:426:14
    at process._tickCallback (node.js:415:13)
